# JRE version: OpenJDK Runtime Environment (11.0.2+9) (build 11.0.2+9)
# Java VM: OpenJDK 64-Bit Server VM (11.0.2+9, mixed mode, tiered, compressed oops, g1 gc, windows-amd64)
Heap:
 garbage-first heap   total 2097152K, used 138758K [0x0000000082000000, 0x0000000800000000)
  region size 4096K, 31 young (126976K), 2 survivors (8192K)
 Metaspace       used 33531K, capacity 34932K, committed 34944K, reserved 1079296K
  class space    used 4135K, capacity 4725K, committed 4736K, reserved 1048576K
GC Heap History (8 events):
Event: 1.033 GC heap before
{Heap before GC invocations=0 (full 0):
 garbage-first heap   total 2097152K, used 98304K [0x0000000082000000, 0x0000000800000000)
  region size 4096K, 16 young (65536K), 0 survivors (0K)
 Metaspace       used 20547K, capacity 21102K, committed 21248K, reserved 1067008K
  class space    used 2437K, capacity 2694K, committed 2816K, reserved 1048576K
}
Event: 1.039 GC heap after
{Heap after GC invocations=1 (full 0):
 garbage-first heap   total 2097152K, used 45476K [0x0000000082000000, 0x0000000800000000)
  region size 4096K, 3 young (12288K), 3 survivors (12288K)
 Metaspace       used 20547K, capacity 21102K, committed 21248K, reserved 1067008K
  class space    used 2437K, capacity 2694K, committed 2816K, reserved 1048576K
}
Event: 26.005 GC heap before
{Heap before GC invocations=2 (full 0):
 garbage-first heap   total 2097152K, used 135588K [0x0000000082000000, 0x0000000800000000)
  region size 4096K, 25 young (102400K), 3 survivors (12288K)
 Metaspace       used 31651K, capacity 33023K, committed 33280K, reserved 1077248K
  class space    used 3959K, capacity 4525K, committed 4608K, reserved 1048576K
}
Event: 26.011 GC heap after
{Heap after GC invocations=3 (full 0):
 garbage-first heap   total 2097152K, used 18546K [0x0000000082000000, 0x0000000800000000)
  region size 4096K, 3 young (12288K), 3 survivors (12288K)
 Metaspace       used 31651K, capacity 33023K, committed 33280K, reserved 1077248K
  class space    used 3959K, capacity 4525K, committed 4608K, reserved 1048576K
}
Event: 26.744 GC heap before
{Heap before GC invocations=3 (full 0):
 garbage-first heap   total 2097152K, used 116850K [0x0000000082000000, 0x0000000800000000)
  region size 4096K, 27 young (110592K), 3 survivors (12288K)
 Metaspace       used 31828K, capacity 33163K, committed 33280K, reserved 1077248K
  class space    used 3962K, capacity 4526K, committed 4608K, reserved 1048576K
}
Event: 26.747 GC heap after
{Heap after GC invocations=4 (full 0):
 garbage-first heap   total 2097152K, used 23423K [0x0000000082000000, 0x0000000800000000)
  region size 4096K, 2 young (8192K), 2 survivors (8192K)
 Metaspace       used 31828K, capacity 33163K, committed 33280K, reserved 1077248K
  class space    used 3962K, capacity 4526K, committed 4608K, reserved 1048576K
}
Event: 33.263 GC heap before
{Heap before GC invocations=4 (full 0):
 garbage-first heap   total 2097152K, used 142207K [0x0000000082000000, 0x0000000800000000)
  region size 4096K, 31 young (126976K), 2 survivors (8192K)
 Metaspace       used 31989K, capacity 33390K, committed 33536K, reserved 1079296K
  class space    used 3969K, capacity 4569K, committed 4608K, reserved 1048576K
}
Event: 33.264 GC heap after
{Heap after GC invocations=5 (full 0):
 garbage-first heap   total 2097152K, used 24070K [0x0000000082000000, 0x0000000800000000)
  region size 4096K, 2 young (8192K), 2 survivors (8192K)
 Metaspace       used 31989K, capacity 33390K, committed 33536K, reserved 1079296K
  class space    used 3969K, capacity 4569K, committed 4608K, reserved 1048576K
}

